#
# A fatal error has been detected by the Java Runtime Environment:
#
#  EXCEPTION_ACCESS_VIOLATION (0xc0000005) at pc=0x00000000593c8d85, pid=9508, tid=1464
#
# JRE version: Java(TM) SE Runtime Environment (8.0_77-b03) (build 1.8.0_77-b03)
# Java VM: Java HotSpot(TM) 64-Bit Server VM (25.77-b03 mixed mode windows-amd64 compressed oops)
# Problematic frame:
# V  [jvm.dll+0x128d85]
#
# Failed to write core dump. Minidumps are not enabled by default on client versions of Windows
#
# If you would like to submit a bug report, please visit:
#   http://bugreport.java.com/bugreport/crash.jsp
#

---------------  T H R E A D  ---------------

Current thread (0x0000000017de6000):  JavaThread "JDWP Transport Listener: dt_socket" daemon [_thread_in_vm, id=1464, stack(0x0000000019770000,0x0000000019870000)]

siginfo: ExceptionCode=0xc0000005, reading address 0x00000000003b656c

Registers:
RAX=0x000000001986f701, RBX=0x0000000017de6000, RCX=0x00000000003b656c, RDX=0x0000000000000000
RSP=0x000000001986f770, RBP=0x00000000003b656c, RSI=0x000000001986f888, RDI=0x0000000003098900
R8 =0x0000000017de6000, R9 =0x0000000000000000, R10=0x0000000000000000, R11=0x0000000000000064
R12=0x0000000000000000, R13=0x0000000017df0218, R14=0x0000000000000000, R15=0x0000000000000000
RIP=0x00000000593c8d85, EFLAGS=0x0000000000010206

Top of Stack: (sp=0x000000001986f770)
0x000000001986f770:   0000000017de6000 0000000019d73870
0x000000001986f780:   000000001986f838 00000000595ce33b
0x000000001986f790:   0000000017de6000 00000000595eab9d
0x000000001986f7a0:   0000000000000000 0000000058fe9155
0x000000001986f7b0:   0000000019e29c18 0000000058ff291e
0x000000001986f7c0:   0000000017de6000 0000000000000000
0x000000001986f7d0:   0000000000000000 0000000000000000
0x000000001986f7e0:   00000000003b656c 0000000058ff1a15
0x000000001986f7f0:   000000001986f888 000000001986f860
0x000000001986f800:   0000000000000001 0000000019e29c18
0x000000001986f810:   00000000003b656c 0000000058fd53b3
0x000000001986f820:   000000001986f950 0000000000000001
0x000000001986f830:   0000000000000001 0000000019e29c18
0x000000001986f840:   000000000000000a 0000000000000000
0x000000001986f850:   0000000000000000 0000000000000000
0x000000001986f860:   0000000000000001 0000000058fd5571 

Instructions: (pc=0x00000000593c8d85)
0x00000000593c8d65:   cc cc cc cc cc cc cc cc cc cc cc 48 83 ec 28 48
0x00000000593c8d75:   85 c9 75 07 33 c0 48 83 c4 28 c3 48 89 5c 24 20
0x00000000593c8d85:   48 8b 19 48 85 db 74 20 48 83 fb 37 74 1a 48 8b
0x00000000593c8d95:   13 48 8b cb ff 52 10 84 c0 74 0d 48 8b c3 48 8b 


Register to memory mapping:

RAX=0x000000001986f701 is pointing into the stack for thread: 0x0000000017de6000
RBX=0x0000000017de6000 is a thread
RCX=0x00000000003b656c is an unknown value
RDX=0x0000000000000000 is an unknown value
RSP=0x000000001986f770 is pointing into the stack for thread: 0x0000000017de6000
RBP=0x00000000003b656c is an unknown value
RSI=0x000000001986f888 is pointing into the stack for thread: 0x0000000017de6000
RDI=0x0000000003098900 is an unknown value
R8 =0x0000000017de6000 is a thread
R9 =0x0000000000000000 is an unknown value
R10=0x0000000000000000 is an unknown value
R11=0x0000000000000064 is an unknown value
R12=0x0000000000000000 is an unknown value
R13=0x0000000017df0218 is an unknown value
R14=0x0000000000000000 is an unknown value
R15=0x0000000000000000 is an unknown value


Stack: [0x0000000019770000,0x0000000019870000],  sp=0x000000001986f770,  free space=1021k
Native frames: (J=compiled Java code, j=interpreted, Vv=VM code, C=native code)
V  [jvm.dll+0x128d85]
V  [jvm.dll+0x34ab9d]
C  [jdwp.dll+0x21a15]
C  [jdwp.dll+0x53b3]
C  [jdwp.dll+0x5571]
C  [jdwp.dll+0xf0a8]
C  [jdwp.dll+0x1f2d5]
C  [jdwp.dll+0x1f4aa]
V  [jvm.dll+0x1bba58]
V  [jvm.dll+0x243434]
V  [jvm.dll+0x29a27a]
C  [msvcr100.dll+0x21d9f]
C  [msvcr100.dll+0x21e3b]
C  [KERNEL32.DLL+0x10404]
C  [ntdll.dll+0x550b1]


---------------  P R O C E S S  ---------------

Java Threads: ( => current thread )
  0x0000000019dbd800 JavaThread "Service Thread" daemon [_thread_blocked, id=9772, stack(0x000000001a170000,0x000000001a270000)]
  0x0000000017e09000 JavaThread "C1 CompilerThread2" daemon [_thread_blocked, id=9644, stack(0x0000000019c70000,0x0000000019d70000)]
  0x0000000017e08000 JavaThread "C2 CompilerThread1" daemon [_thread_blocked, id=10820, stack(0x0000000019b70000,0x0000000019c70000)]
  0x0000000017e03000 JavaThread "C2 CompilerThread0" daemon [_thread_blocked, id=1876, stack(0x0000000019a70000,0x0000000019b70000)]
  0x0000000017e01800 JavaThread "JDWP Command Reader" daemon [_thread_in_native, id=9084, stack(0x0000000019970000,0x0000000019a70000)]
  0x0000000017df6800 JavaThread "JDWP Event Helper Thread" daemon [_thread_blocked, id=8464, stack(0x0000000019870000,0x0000000019970000)]
=>0x0000000017de6000 JavaThread "JDWP Transport Listener: dt_socket" daemon [_thread_in_vm, id=1464, stack(0x0000000019770000,0x0000000019870000)]
  0x0000000017ddc000 JavaThread "Attach Listener" daemon [_thread_blocked, id=7536, stack(0x0000000019330000,0x0000000019430000)]
  0x0000000017ddb000 JavaThread "Signal Dispatcher" daemon [_thread_blocked, id=6340, stack(0x0000000019230000,0x0000000019330000)]
  0x000000000331a800 JavaThread "Finalizer" daemon [_thread_blocked, id=6188, stack(0x0000000019030000,0x0000000019130000)]
  0x0000000017da9000 JavaThread "Reference Handler" daemon [_thread_blocked, id=8220, stack(0x0000000018f30000,0x0000000019030000)]
  0x000000000309d800 JavaThread "main" [_thread_blocked, id=5052, stack(0x0000000003120000,0x0000000003220000)]

Other Threads:
  0x0000000017da7800 VMThread [stack: 0x0000000018e30000,0x0000000018f30000] [id=6868]
  0x0000000019dc1000 WatcherThread [stack: 0x000000001a270000,0x000000001a370000] [id=4408]

VM state:not at safepoint (normal execution)

VM Mutex/Monitor currently owned by a thread: None

Heap:
 PSYoungGen      total 37888K, used 2621K [0x00000000d6180000, 0x00000000d8b80000, 0x0000000100000000)
  eden space 32768K, 8% used [0x00000000d6180000,0x00000000d640f600,0x00000000d8180000)
  from space 5120K, 0% used [0x00000000d8680000,0x00000000d8680000,0x00000000d8b80000)
  to   space 5120K, 0% used [0x00000000d8180000,0x00000000d8180000,0x00000000d8680000)
 ParOldGen       total 86016K, used 0K [0x0000000082400000, 0x0000000087800000, 0x00000000d6180000)
  object space 86016K, 0% used [0x0000000082400000,0x0000000082400000,0x0000000087800000)
 Metaspace       used 4033K, capacity 4840K, committed 5120K, reserved 1056768K
  class space    used 451K, capacity 464K, committed 512K, reserved 1048576K

Card table byte_map: [0x00000000126e0000,0x0000000012ad0000] byte_map_base: 0x00000000122ce000

Marking Bits: (ParMarkBitMap*) 0x0000000059ab0600
 Begin Bits: [0x0000000013170000, 0x00000000150e0000)
 End Bits:   [0x00000000150e0000, 0x0000000017050000)

Polling page: 0x0000000001840000

CodeCache: size=245760Kb used=1201Kb max_used=1201Kb free=244558Kb
 bounds [0x0000000003320000, 0x0000000003590000, 0x0000000012320000]
 total_blobs=346 nmethods=78 adapters=189
 compilation: enabled

Compilation events (10 events):
Event: 3.453 Thread 0x0000000017e09000   72       3       java.util.concurrent.ConcurrentHashMap::setTabAt (19 bytes)
Event: 3.453 Thread 0x0000000017e09000 nmethod 72 0x0000000003446790 code [0x00000000034468e0, 0x0000000003446a50]
Event: 3.453 Thread 0x0000000017e09000   74       3       java.lang.String::indexOf (166 bytes)
Event: 3.454 Thread 0x0000000017e09000 nmethod 74 0x0000000003446ad0 code [0x0000000003446c80, 0x00000000034472d0]
Event: 3.454 Thread 0x0000000017e09000   75       1       java.net.URL::getProtocol (5 bytes)
Event: 3.454 Thread 0x0000000017e09000 nmethod 75 0x00000000034476d0 code [0x0000000003447820, 0x0000000003447930]
Event: 3.456 Thread 0x0000000017e09000   77       3       java.util.concurrent.ConcurrentHashMap$Node::<init> (26 bytes)
Event: 3.456 Thread 0x0000000017e09000 nmethod 77 0x0000000003447d50 code [0x0000000003447ea0, 0x0000000003448090]
Event: 3.456 Thread 0x0000000017e09000   78       3       java.util.concurrent.ConcurrentHashMap::casTabAt (20 bytes)
Event: 3.456 Thread 0x0000000017e09000 nmethod 78 0x0000000003448150 code [0x00000000034482a0, 0x0000000003448410]

GC Heap History (0 events):
No events

Deoptimization events (0 events):
No events

Internal exceptions (6 events):
Event: 0.044 Thread 0x000000000309d800 Exception <a 'java/lang/NoSuchMethodError': Method sun.misc.Unsafe.defineClass(Ljava/lang/String;[BII)Ljava/lang/Class; name or signature does not match> (0x00000000d6187cc0) thrown at [D:\re\workspace\8-2-build-windows-amd64-cygwin\jdk8u77\6540\hotspot\sr*c0·¡U¦?
Event: 0.044 Thread 0x000000000309d800 Exception <a 'java/lang/NoSuchMethodError': Method sun.misc.Unsafe.prefetchRead(Ljava/lang/Object;J)V name or signature does not match> (0x00000000d6187fa8) thrown at [D:\re\workspace\8-2-build-windows-amd64-cygwin\jdk8u77\6540\hotspot\src\share\vm\prims\j(§UÐùlÒ?
Event: 0.288 Thread 0x000000000309d800 Exception <a 'java/security/PrivilegedActionException'> (0x00000000d62119d8) thrown at [D:\re\workspace\8-2-build-windows-amd64-cygwin\jdk8u77\6540\hotspot\src\share\vm\prims\jvm.cpp, line 1386]
Event: 0.288 Thread 0x000000000309d800 Exception <a 'java/security/PrivilegedActionException'> (0x00000000d6211dd0) thrown at [D:\re\workspace\8-2-build-windows-amd64-cygwin\jdk8u77\6540\hotspot\src\share\vm\prims\jvm.cpp, line 1386]
Event: 0.289 Thread 0x000000000309d800 Exception <a 'java/security/PrivilegedActionException'> (0x00000000d6215b60) thrown at [D:\re\workspace\8-2-build-windows-amd64-cygwin\jdk8u77\6540\hotspot\src\share\vm\prims\jvm.cpp, line 1386]
Event: 0.289 Thread 0x000000000309d800 Exception <a 'java/security/PrivilegedActionException'> (0x00000000d6215f58) thrown at [D:\re\workspace\8-2-build-windows-amd64-cygwin\jdk8u77\6540\hotspot\src\share\vm\prims\jvm.cpp, line 1386]

Events (10 events):
Event: 275.567 Executing VM operation: GetCurrentLocation
Event: 275.567 Executing VM operation: GetCurrentLocation done
Event: 275.567 Executing VM operation: EnterInterpOnlyMode
Event: 275.567 Executing VM operation: EnterInterpOnlyMode done
Event: 275.567 Executing VM operation: ChangeSingleStep
Event: 275.567 Executing VM operation: ChangeSingleStep done
Event: 275.567 Executing VM operation: ChangeSingleStep
Event: 275.567 Executing VM operation: ChangeSingleStep done
Event: 275.578 Executing VM operation: RedefineClasses
Event: 275.578 Executing VM operation: RedefineClasses done


Dynamic libraries:
0x00007ff6937c0000 - 0x00007ff6937f7000 	C:\Program Files\Java\jre1.8.0_77\bin\javaw.exe
0x00007ffa82520000 - 0x00007ffa826ef000 	C:\WINDOWS\SYSTEM32\ntdll.dll
0x00007ffa80170000 - 0x00007ffa8021b000 	C:\WINDOWS\System32\KERNEL32.DLL
0x00007ffa7f670000 - 0x00007ffa7f88a000 	C:\WINDOWS\System32\KERNELBASE.dll
0x00007ffa7ff20000 - 0x00007ffa7ffc0000 	C:\WINDOWS\System32\ADVAPI32.dll
0x00007ffa820e0000 - 0x00007ffa8217e000 	C:\WINDOWS\System32\msvcrt.dll
0x00007ffa824a0000 - 0x00007ffa824f8000 	C:\WINDOWS\System32\sechost.dll
0x00007ffa821e0000 - 0x00007ffa822fd000 	C:\WINDOWS\System32\RPCRT4.dll
0x00007ffa80000000 - 0x00007ffa80166000 	C:\WINDOWS\System32\USER32.dll
0x000000005a120000 - 0x000000005a13e000 	C:\WINDOWS\System32\win32u.dll
0x00007ffa7fee0000 - 0x00007ffa7ff11000 	C:\WINDOWS\System32\GDI32.dll
0x00007ffa7f990000 - 0x00007ffa7fb16000 	C:\WINDOWS\System32\gdi32full.dll
0x00007ffa73de0000 - 0x00007ffa7404c000 	C:\WINDOWS\WinSxS\amd64_microsoft.windows.common-controls_6595b64144ccf1df_6.0.14361.0_none_2d0d50d4bdb33e17\COMCTL32.dll
0x00007ffa80290000 - 0x00007ffa8053b000 	C:\WINDOWS\System32\combase.dll
0x00007ffa7f890000 - 0x00007ffa7f984000 	C:\WINDOWS\System32\ucrtbase.dll
0x00007ffa7ee70000 - 0x00007ffa7eed9000 	C:\WINDOWS\System32\bcryptPrimitives.dll
0x00007ffa7ffd0000 - 0x00007ffa7fffe000 	C:\WINDOWS\System32\IMM32.DLL
0x0000000059010000 - 0x00000000590e2000 	C:\Program Files\Java\jre1.8.0_77\bin\msvcr100.dll
0x00000000592a0000 - 0x0000000059b30000 	C:\Program Files\Java\jre1.8.0_77\bin\server\jvm.dll
0x00007ffa7ffc0000 - 0x00007ffa7ffc7000 	C:\WINDOWS\System32\PSAPI.DLL
0x00007ffa72b10000 - 0x00007ffa72b19000 	C:\WINDOWS\SYSTEM32\WSOCK32.dll
0x00007ffa7cf60000 - 0x00007ffa7cf83000 	C:\WINDOWS\SYSTEM32\WINMM.dll
0x00007ffa74440000 - 0x00007ffa7444a000 	C:\WINDOWS\SYSTEM32\VERSION.dll
0x00007ffa80220000 - 0x00007ffa8028c000 	C:\WINDOWS\System32\WS2_32.dll
0x0000000001850000 - 0x000000000187c000 	C:\WINDOWS\SYSTEM32\WINMMBASE.dll
0x00007ffa7edc0000 - 0x00007ffa7ee02000 	C:\WINDOWS\System32\cfgmgr32.dll
0x00000000591b0000 - 0x00000000591bf000 	C:\Program Files\Java\jre1.8.0_77\bin\verify.dll
0x0000000059180000 - 0x00000000591a9000 	C:\Program Files\Java\jre1.8.0_77\bin\java.dll
0x0000000058fd0000 - 0x0000000059005000 	C:\Program Files\Java\jre1.8.0_77\bin\jdwp.dll
0x0000000058fc0000 - 0x0000000058fc8000 	C:\Program Files\Java\jre1.8.0_77\bin\npt.dll
0x0000000059160000 - 0x0000000059176000 	C:\Program Files\Java\jre1.8.0_77\bin\zip.dll
0x00007ffa80a90000 - 0x00007ffa81f6d000 	C:\WINDOWS\System32\SHELL32.dll
0x00007ffa7ef90000 - 0x00007ffa7f662000 	C:\WINDOWS\System32\windows.storage.dll
0x00007ffa7eaf0000 - 0x00007ffa7eb3c000 	C:\WINDOWS\System32\powrprof.dll
0x00007ffa80540000 - 0x00007ffa80593000 	C:\WINDOWS\System32\shlwapi.dll
0x00007ffa7eae0000 - 0x00007ffa7eaef000 	C:\WINDOWS\System32\kernel.appcore.dll
0x00007ffa7ed10000 - 0x00007ffa7edb7000 	C:\WINDOWS\System32\shcore.dll
0x00007ffa7eac0000 - 0x00007ffa7ead4000 	C:\WINDOWS\System32\profapi.dll
0x0000000058fb0000 - 0x0000000058fb9000 	C:\Program Files\Java\jre1.8.0_77\bin\dt_socket.dll
0x00007ffa713c0000 - 0x00007ffa713d6000 	C:\WINDOWS\system32\napinsp.dll
0x00007ffa70940000 - 0x00007ffa7095a000 	C:\WINDOWS\system32\pnrpnsp.dll
0x00007ffa7c6d0000 - 0x00007ffa7c6e8000 	C:\WINDOWS\system32\NLAapi.dll
0x00007ffa7e390000 - 0x00007ffa7e3eb000 	C:\WINDOWS\System32\mswsock.dll
0x00007ffa7e150000 - 0x00007ffa7e1e6000 	C:\WINDOWS\SYSTEM32\DNSAPI.dll
0x00007ffa7fdc0000 - 0x00007ffa7fdc8000 	C:\WINDOWS\System32\NSI.dll
0x00007ffa7e110000 - 0x00007ffa7e147000 	C:\WINDOWS\SYSTEM32\IPHLPAPI.DLL
0x00007ffa70840000 - 0x00007ffa7084e000 	C:\WINDOWS\System32\winrnr.dll
0x00007ffa77b80000 - 0x00007ffa77bea000 	C:\WINDOWS\System32\fwpuclnt.dll
0x00007ffa7e9f0000 - 0x00007ffa7ea1b000 	C:\WINDOWS\SYSTEM32\bcrypt.dll
0x00007ffa76d90000 - 0x00007ffa76d9a000 	C:\Windows\System32\rasadhlp.dll
0x0000000059140000 - 0x000000005915a000 	C:\Program Files\Java\jre1.8.0_77\bin\net.dll
0x0000000059120000 - 0x0000000059131000 	C:\Program Files\Java\jre1.8.0_77\bin\nio.dll
0x00007ffa71430000 - 0x00007ffa715c2000 	C:\WINDOWS\SYSTEM32\dbghelp.dll

VM Arguments:
jvm_args: -agentlib:jdwp=transport=dt_socket,suspend=y,address=localhost:53659 -Dfile.encoding=Cp1252 
java_command: polina.Polina
java_class_path (initial): C:\Users\savio\Desktop\NovoOneDrive\OneDrive\workspace\polina\bin
Launcher Type: SUN_STANDARD

Environment Variables:
PATH=C:/Program Files/Java/jre1.8.0_77/bin/server;C:/Program Files/Java/jre1.8.0_77/bin;C:/Program Files/Java/jre1.8.0_77/lib/amd64;?C:\Python27\;C:\WinAVR-20100110\bin;C:\WinAVR-20100110\utils\bin;C:\ProgramData\Oracle\Java\javapath;C:\WINDOWS\system32;C:\WINDOWS;C:\WINDOWS\System32\Wbem;C:\WINDOWS\System32\WindowsPowerShell\v1.0\;C:\Program Files (x86)\Skype\Phone\;C:\adb;C:\WINDOWS\system32\config\systemprofile\.dnx\bin;C:\Program Files\Microsoft DNX\Dnvm\;C:\Program Files\Git\cmd;C:\WINDOWS\system32;C:\WINDOWS;C:\WINDOWS\System32\Wbem;C:\WINDOWS\System32\WindowsPowerShell\v1.0\;C:\Program Files (x86)\nodejs\;C:\Python27;C:\Program Files (x86)\Microsoft VS Code\bin;C:\Users\savio\AppData\Roaming\npm;C:\Users\savio\AppData\Local\Microsoft\WindowsApps;C:\Users\savio\AppData\Roaming\Dashlane\4.2.0.13076\bin\Firefox_Extension\{442718d9-475e-452a-b3e1-fb1ee16b8e9f}\components;C:\Users\savio\AppData\Roaming\Dashlane\4.5.0.13208\bin\Firefox_Extension\{442718d9-475e-452a-b3e1-fb1ee16b8e9f}\components;;C:\Users\savio\Downloads\eclipse;
USERNAME=savio
OS=Windows_NT
PROCESSOR_IDENTIFIER=Intel64 Family 6 Model 42 Stepping 7, GenuineIntel



---------------  S Y S T E M  ---------------

OS: Windows 10.0 , 64 bit Build 14361 (10.0.14361.0)

CPU:total 4 (2 cores per cpu, 2 threads per core) family 6 model 42 stepping 7, cmov, cx8, fxsr, mmx, sse, sse2, sse3, ssse3, sse4.1, sse4.2, popcnt, avx, clmul, ht, tsc, tscinvbit

Memory: 4k page, physical 8236908k(4038604k free), swap 10202988k(3857828k free)

vm_info: Java HotSpot(TM) 64-Bit Server VM (25.77-b03) for windows-amd64 JRE (1.8.0_77-b03), built on Mar 20 2016 22:01:33 by "java_re" with MS VC++ 10.0 (VS2010)

time: Mon Jun 13 03:36:30 2016
elapsed time: 275 seconds (0d 0h 4m 35s)

